This file contains any messages produced by compilers while
running configure, to aid debugging if configure makes a mistake.

It was created by configure, which was
generated by GNU Autoconf 2.60.  Invocation command line was

  $ ./configure 

## --------- ##
## Platform. ##
## --------- ##

hostname = debian
uname -m = x86_64
uname -r = 4.19.0-12-amd64
uname -s = Linux
uname -v = #1 SMP Debian 4.19.152-1 (2020-10-18)

/usr/bin/uname -p = unknown
/bin/uname -X     = unknown

/bin/arch              = unknown
/usr/bin/arch -k       = unknown
/usr/convex/getsysinfo = unknown
/usr/bin/hostinfo      = unknown
/bin/machine           = unknown
/usr/bin/oslevel       = unknown
/bin/universe          = unknown

PATH: /home/carlos/.cargo/bin
PATH: /usr/local/bin
PATH: /usr/bin
PATH: /bin
PATH: /usr/local/games
PATH: /usr/games
PATH: /sbin
PATH: /usr/sbin
PATH: /home/carlos/.local/bin


## ----------- ##
## Core tests. ##
## ----------- ##

configure:1718: checking for gcc
configure:1734: found /usr/bin/gcc
configure:1745: result: gcc
configure:1983: checking for C compiler version
configure:1990: gcc --version >&5
gcc (Debian 8.3.0-6) 8.3.0
Copyright (C) 2018 Free Software Foundation, Inc.
This is free software; see the source for copying conditions.  There is NO
warranty; not even for MERCHANTABILITY or FITNESS FOR A PARTICULAR PURPOSE.

configure:1993: $? = 0
configure:2000: gcc -v >&5
Using built-in specs.
COLLECT_GCC=gcc
COLLECT_LTO_WRAPPER=/usr/lib/gcc/x86_64-linux-gnu/8/lto-wrapper
OFFLOAD_TARGET_NAMES=nvptx-none
OFFLOAD_TARGET_DEFAULT=1
Target: x86_64-linux-gnu
Configured with: ../src/configure -v --with-pkgversion='Debian 8.3.0-6' --with-bugurl=file:///usr/share/doc/gcc-8/README.Bugs --enable-languages=c,ada,c++,go,brig,d,fortran,objc,obj-c++ --prefix=/usr --with-gcc-major-version-only --program-suffix=-8 --program-prefix=x86_64-linux-gnu- --enable-shared --enable-linker-build-id --libexecdir=/usr/lib --without-included-gettext --enable-threads=posix --libdir=/usr/lib --enable-nls --enable-bootstrap --enable-clocale=gnu --enable-libstdcxx-debug --enable-libstdcxx-time=yes --with-default-libstdcxx-abi=new --enable-gnu-unique-object --disable-vtable-verify --enable-libmpx --enable-plugin --enable-default-pie --with-system-zlib --with-target-system-zlib --enable-objc-gc=auto --enable-multiarch --disable-werror --with-arch-32=i686 --with-abi=m64 --with-multilib-list=m32,m64,mx32 --enable-multilib --with-tune=generic --enable-offload-targets=nvptx-none --without-cuda-driver --enable-checking=release --build=x86_64-linux-gnu --host=x86_64-linux-gnu --target=x86_64-linux-gnu
Thread model: posix
gcc version 8.3.0 (Debian 8.3.0-6) 
configure:2003: $? = 0
configure:2010: gcc -V >&5
gcc: error: unrecognized command line option '-V'
gcc: fatal error: no input files
compilation terminated.
configure:2013: $? = 1
configure:2036: checking for C compiler default output file name
configure:2063: gcc    conftest.c  >&5
configure:2066: $? = 0
configure:2112: result: a.out
configure:2117: checking whether the C compiler works
configure:2127: ./a.out
configure:2130: $? = 0
configure:2147: result: yes
configure:2154: checking whether we are cross compiling
configure:2156: result: no
configure:2159: checking for suffix of executables
configure:2166: gcc -o conftest    conftest.c  >&5
configure:2169: $? = 0
configure:2193: result: 
configure:2199: checking for suffix of object files
configure:2225: gcc -c   conftest.c >&5
configure:2228: $? = 0
configure:2251: result: o
configure:2255: checking whether we are using the GNU C compiler
configure:2284: gcc -c   conftest.c >&5
configure:2290: $? = 0
configure:2297: test -z "$ac_c_werror_flag" || test ! -s conftest.err
configure:2300: $? = 0
configure:2307: test -s conftest.o
configure:2310: $? = 0
configure:2324: result: yes
configure:2329: checking whether gcc accepts -g
configure:2359: gcc -c -g  conftest.c >&5
configure:2365: $? = 0
configure:2372: test -z "$ac_c_werror_flag" || test ! -s conftest.err
configure:2375: $? = 0
configure:2382: test -s conftest.o
configure:2385: $? = 0
configure:2515: result: yes
configure:2532: checking for gcc option to accept ISO C89
configure:2606: gcc  -c -g -O2  conftest.c >&5
configure:2612: $? = 0
configure:2619: test -z "$ac_c_werror_flag" || test ! -s conftest.err
configure:2622: $? = 0
configure:2629: test -s conftest.o
configure:2632: $? = 0
configure:2652: result: none needed
configure:2678: checking for special C compiler options needed for large files
configure:2805: result: no
configure:2811: checking for _FILE_OFFSET_BITS value needed for large files
configure:2847: gcc -c -g -O2  conftest.c >&5
configure:2853: $? = 0
configure:2860: test -z "$ac_c_werror_flag" || test ! -s conftest.err
configure:2863: $? = 0
configure:2870: test -s conftest.o
configure:2873: $? = 0
configure:2954: result: no
configure:2964: checking for _LARGE_FILES value needed for large files
configure:3000: gcc -c -g -O2  conftest.c >&5
configure:3006: $? = 0
configure:3013: test -z "$ac_c_werror_flag" || test ! -s conftest.err
configure:3016: $? = 0
configure:3023: test -s conftest.o
configure:3026: $? = 0
configure:3107: result: no
configure:3167: checking for gcc
configure:3194: result: gcc
configure:3432: checking for C compiler version
configure:3439: gcc --version >&5
gcc (Debian 8.3.0-6) 8.3.0
Copyright (C) 2018 Free Software Foundation, Inc.
This is free software; see the source for copying conditions.  There is NO
warranty; not even for MERCHANTABILITY or FITNESS FOR A PARTICULAR PURPOSE.

configure:3442: $? = 0
configure:3449: gcc -v >&5
Using built-in specs.
COLLECT_GCC=gcc
COLLECT_LTO_WRAPPER=/usr/lib/gcc/x86_64-linux-gnu/8/lto-wrapper
OFFLOAD_TARGET_NAMES=nvptx-none
OFFLOAD_TARGET_DEFAULT=1
Target: x86_64-linux-gnu
Configured with: ../src/configure -v --with-pkgversion='Debian 8.3.0-6' --with-bugurl=file:///usr/share/doc/gcc-8/README.Bugs --enable-languages=c,ada,c++,go,brig,d,fortran,objc,obj-c++ --prefix=/usr --with-gcc-major-version-only --program-suffix=-8 --program-prefix=x86_64-linux-gnu- --enable-shared --enable-linker-build-id --libexecdir=/usr/lib --without-included-gettext --enable-threads=posix --libdir=/usr/lib --enable-nls --enable-bootstrap --enable-clocale=gnu --enable-libstdcxx-debug --enable-libstdcxx-time=yes --with-default-libstdcxx-abi=new --enable-gnu-unique-object --disable-vtable-verify --enable-libmpx --enable-plugin --enable-default-pie --with-system-zlib --with-target-system-zlib --enable-objc-gc=auto --enable-multiarch --disable-werror --with-arch-32=i686 --with-abi=m64 --with-multilib-list=m32,m64,mx32 --enable-multilib --with-tune=generic --enable-offload-targets=nvptx-none --without-cuda-driver --enable-checking=release --build=x86_64-linux-gnu --host=x86_64-linux-gnu --target=x86_64-linux-gnu
Thread model: posix
gcc version 8.3.0 (Debian 8.3.0-6) 
configure:3452: $? = 0
configure:3459: gcc -V >&5
gcc: error: unrecognized command line option '-V'
gcc: fatal error: no input files
compilation terminated.
configure:3462: $? = 1
configure:3465: checking whether we are using the GNU C compiler
configure:3534: result: yes
configure:3539: checking whether gcc accepts -g
configure:3725: result: yes
configure:3742: checking for gcc option to accept ISO C89
configure:3862: result: none needed
configure:3923: checking for ranlib
configure:3939: found /usr/bin/ranlib
configure:3950: result: ranlib
configure:4020: checking for a BSD-compatible install
configure:4076: result: /usr/bin/install -c
configure:4092: checking how to run the C preprocessor
configure:4132: gcc -E  conftest.c
configure:4138: $? = 0
configure:4176: gcc -E  conftest.c
conftest.c:9:10: fatal error: ac_nonexistent.h: No such file or directory
 #include <ac_nonexistent.h>
          ^~~~~~~~~~~~~~~~~~
compilation terminated.
configure:4182: $? = 1
configure: failed program was:
| /* confdefs.h.  */
| #define PACKAGE_NAME ""
| #define PACKAGE_TARNAME ""
| #define PACKAGE_VERSION ""
| #define PACKAGE_STRING ""
| #define PACKAGE_BUGREPORT ""
| #define _GNU_SOURCE 1
| /* end confdefs.h.  */
| #include <ac_nonexistent.h>
configure:4222: result: gcc -E
configure:4251: gcc -E  conftest.c
configure:4257: $? = 0
configure:4295: gcc -E  conftest.c
conftest.c:9:10: fatal error: ac_nonexistent.h: No such file or directory
 #include <ac_nonexistent.h>
          ^~~~~~~~~~~~~~~~~~
compilation terminated.
configure:4301: $? = 1
configure: failed program was:
| /* confdefs.h.  */
| #define PACKAGE_NAME ""
| #define PACKAGE_TARNAME ""
| #define PACKAGE_VERSION ""
| #define PACKAGE_STRING ""
| #define PACKAGE_BUGREPORT ""
| #define _GNU_SOURCE 1
| /* end confdefs.h.  */
| #include <ac_nonexistent.h>
configure:4346: checking for grep that handles long lines and -e
configure:4420: result: /bin/grep
configure:4425: checking for egrep
configure:4503: result: /bin/grep -E
configure:4508: checking for ANSI C header files
configure:4538: gcc -c -g -O2  conftest.c >&5
configure:4544: $? = 0
configure:4551: test -z "$ac_c_werror_flag" || test ! -s conftest.err
configure:4554: $? = 0
configure:4561: test -s conftest.o
configure:4564: $? = 0
configure:4660: gcc -o conftest -g -O2   conftest.c  >&5
configure:4663: $? = 0
configure:4669: ./conftest
configure:4672: $? = 0
configure:4689: result: yes
configure:4714: checking for sys/types.h
configure:4735: gcc -c -g -O2  conftest.c >&5
configure:4741: $? = 0
configure:4748: test -z "$ac_c_werror_flag" || test ! -s conftest.err
configure:4751: $? = 0
configure:4758: test -s conftest.o
configure:4761: $? = 0
configure:4774: result: yes
configure:4714: checking for sys/stat.h
configure:4735: gcc -c -g -O2  conftest.c >&5
configure:4741: $? = 0
configure:4748: test -z "$ac_c_werror_flag" || test ! -s conftest.err
configure:4751: $? = 0
configure:4758: test -s conftest.o
configure:4761: $? = 0
configure:4774: result: yes
configure:4714: checking for stdlib.h
configure:4735: gcc -c -g -O2  conftest.c >&5
configure:4741: $? = 0
configure:4748: test -z "$ac_c_werror_flag" || test ! -s conftest.err
configure:4751: $? = 0
configure:4758: test -s conftest.o
configure:4761: $? = 0
configure:4774: result: yes
configure:4714: checking for string.h
configure:4735: gcc -c -g -O2  conftest.c >&5
configure:4741: $? = 0
configure:4748: test -z "$ac_c_werror_flag" || test ! -s conftest.err
configure:4751: $? = 0
configure:4758: test -s conftest.o
configure:4761: $? = 0
configure:4774: result: yes
configure:4714: checking for memory.h
configure:4735: gcc -c -g -O2  conftest.c >&5
configure:4741: $? = 0
configure:4748: test -z "$ac_c_werror_flag" || test ! -s conftest.err
configure:4751: $? = 0
configure:4758: test -s conftest.o
configure:4761: $? = 0
configure:4774: result: yes
configure:4714: checking for strings.h
configure:4735: gcc -c -g -O2  conftest.c >&5
configure:4741: $? = 0
configure:4748: test -z "$ac_c_werror_flag" || test ! -s conftest.err
configure:4751: $? = 0
configure:4758: test -s conftest.o
configure:4761: $? = 0
configure:4774: result: yes
configure:4714: checking for inttypes.h
configure:4735: gcc -c -g -O2  conftest.c >&5
configure:4741: $? = 0
configure:4748: test -z "$ac_c_werror_flag" || test ! -s conftest.err
configure:4751: $? = 0
configure:4758: test -s conftest.o
configure:4761: $? = 0
configure:4774: result: yes
configure:4714: checking for stdint.h
configure:4735: gcc -c -g -O2  conftest.c >&5
configure:4741: $? = 0
configure:4748: test -z "$ac_c_werror_flag" || test ! -s conftest.err
configure:4751: $? = 0
configure:4758: test -s conftest.o
configure:4761: $? = 0
configure:4774: result: yes
configure:4714: checking for unistd.h
configure:4735: gcc -c -g -O2  conftest.c >&5
configure:4741: $? = 0
configure:4748: test -z "$ac_c_werror_flag" || test ! -s conftest.err
configure:4751: $? = 0
configure:4758: test -s conftest.o
configure:4761: $? = 0
configure:4774: result: yes
configure:4786: checking for short
configure:4816: gcc -c -g -O2  conftest.c >&5
configure:4822: $? = 0
configure:4829: test -z "$ac_c_werror_flag" || test ! -s conftest.err
configure:4832: $? = 0
configure:4839: test -s conftest.o
configure:4842: $? = 0
configure:4854: result: yes
configure:4857: checking size of short
configure:5245: gcc -o conftest -g -O2   conftest.c  >&5
configure:5248: $? = 0
configure:5254: ./conftest
configure:5257: $? = 0
configure:5279: result: 2
configure:5286: checking for int
configure:5316: gcc -c -g -O2  conftest.c >&5
configure:5322: $? = 0
configure:5329: test -z "$ac_c_werror_flag" || test ! -s conftest.err
configure:5332: $? = 0
configure:5339: test -s conftest.o
configure:5342: $? = 0
configure:5354: result: yes
configure:5357: checking size of int
configure:5745: gcc -o conftest -g -O2   conftest.c  >&5
configure:5748: $? = 0
configure:5754: ./conftest
configure:5757: $? = 0
configure:5779: result: 4
configure:5786: checking for long
configure:5816: gcc -c -g -O2  conftest.c >&5
configure:5822: $? = 0
configure:5829: test -z "$ac_c_werror_flag" || test ! -s conftest.err
configure:5832: $? = 0
configure:5839: test -s conftest.o
configure:5842: $? = 0
configure:5854: result: yes
configure:5857: checking size of long
configure:6245: gcc -o conftest -g -O2   conftest.c  >&5
configure:6248: $? = 0
configure:6254: ./conftest
configure:6257: $? = 0
configure:6279: result: 8
configure:6287: checking for an ANSI C-conforming const
configure:6362: gcc -c -g -O2  conftest.c >&5
configure:6368: $? = 0
configure:6375: test -z "$ac_c_werror_flag" || test ! -s conftest.err
configure:6378: $? = 0
configure:6385: test -s conftest.o
configure:6388: $? = 0
configure:6400: result: yes
configure:6410: checking for inline
configure:6436: gcc -c -g -O2  conftest.c >&5
configure:6442: $? = 0
configure:6449: test -z "$ac_c_werror_flag" || test ! -s conftest.err
configure:6452: $? = 0
configure:6459: test -s conftest.o
configure:6462: $? = 0
configure:6477: result: inline
configure:6511: checking getopt.h usability
configure:6528: gcc -c -g -O2  conftest.c >&5
configure:6534: $? = 0
configure:6541: test -z "$ac_c_werror_flag" || test ! -s conftest.err
configure:6544: $? = 0
configure:6551: test -s conftest.o
configure:6554: $? = 0
configure:6565: result: yes
configure:6569: checking getopt.h presence
configure:6584: gcc -E  conftest.c
configure:6590: $? = 0
configure:6611: result: yes
configure:6639: checking for getopt.h
configure:6647: result: yes
configure:6664: checking for getopt_long
configure:6720: gcc -o conftest -g -O2   conftest.c  >&5
configure:6726: $? = 0
configure:6733: test -z "$ac_c_werror_flag" || test ! -s conftest.err
configure:6736: $? = 0
configure:6743: test -s conftest
configure:6746: $? = 0
configure:6760: result: yes
configure:6872: creating ./config.status

## ---------------------- ##
## Running config.status. ##
## ---------------------- ##

This file was extended by config.status, which was
generated by GNU Autoconf 2.60.  Invocation command line was

  CONFIG_FILES    = 
  CONFIG_HEADERS  = 
  CONFIG_LINKS    = 
  CONFIG_COMMANDS = 
  $ ./config.status 

on debian

config.status:583: creating Makefile
config.status:583: creating config.h

## ---------------- ##
## Cache variables. ##
## ---------------- ##

ac_cv_c_compiler_gnu=yes
ac_cv_c_const=yes
ac_cv_c_inline=inline
ac_cv_env_CC_set=
ac_cv_env_CC_value=
ac_cv_env_CFLAGS_set=
ac_cv_env_CFLAGS_value=
ac_cv_env_CPPFLAGS_set=
ac_cv_env_CPPFLAGS_value=
ac_cv_env_CPP_set=
ac_cv_env_CPP_value=
ac_cv_env_LDFLAGS_set=
ac_cv_env_LDFLAGS_value=
ac_cv_env_build_alias_set=
ac_cv_env_build_alias_value=
ac_cv_env_host_alias_set=
ac_cv_env_host_alias_value=
ac_cv_env_target_alias_set=
ac_cv_env_target_alias_value=
ac_cv_func_getopt_long=yes
ac_cv_header_getopt_h=yes
ac_cv_header_inttypes_h=yes
ac_cv_header_memory_h=yes
ac_cv_header_stdc=yes
ac_cv_header_stdint_h=yes
ac_cv_header_stdlib_h=yes
ac_cv_header_string_h=yes
ac_cv_header_strings_h=yes
ac_cv_header_sys_stat_h=yes
ac_cv_header_sys_types_h=yes
ac_cv_header_unistd_h=yes
ac_cv_objext=o
ac_cv_path_EGREP='/bin/grep -E'
ac_cv_path_GREP=/bin/grep
ac_cv_path_install='/usr/bin/install -c'
ac_cv_prog_CPP='gcc -E'
ac_cv_prog_ac_ct_CC=gcc
ac_cv_prog_ac_ct_RANLIB=ranlib
ac_cv_prog_cc_c89=
ac_cv_prog_cc_g=yes
ac_cv_sizeof_int=4
ac_cv_sizeof_long=8
ac_cv_sizeof_short=2
ac_cv_sys_file_offset_bits=no
ac_cv_sys_large_files=no
ac_cv_sys_largefile_CC=no
ac_cv_type_int=yes
ac_cv_type_long=yes
ac_cv_type_short=yes

## ----------------- ##
## Output variables. ##
## ----------------- ##

CC='gcc'
CFLAGS='-g -O2 -O3 -funroll-all-loops'
CPP='gcc -E'
CPPFLAGS=''
DEFS='-DHAVE_CONFIG_H'
ECHO_C=''
ECHO_N='-n'
ECHO_T=''
EGREP='/bin/grep -E'
EXEEXT=''
GREP='/bin/grep'
INSTALL_DATA='${INSTALL} -m 644'
INSTALL_PROGRAM='${INSTALL}'
INSTALL_SCRIPT='${INSTALL}'
LDFLAGS=''
LIBOBJS=''
LIBS=''
LTLIBOBJS=''
OBJEXT='o'
PACKAGE_BUGREPORT=''
PACKAGE_NAME=''
PACKAGE_STRING=''
PACKAGE_TARNAME=''
PACKAGE_VERSION=''
PATH_SEPARATOR=':'
RANLIB='ranlib'
SHELL='/bin/bash'
ac_ct_CC='gcc'
bindir='${exec_prefix}/bin'
build_alias=''
datadir='${datarootdir}'
datarootdir='${prefix}/share'
docdir='${datarootdir}/doc/${PACKAGE}'
dvidir='${docdir}'
exec_prefix='${prefix}'
host_alias=''
htmldir='${docdir}'
includedir='${prefix}/include'
infodir='${datarootdir}/info'
libdir='${exec_prefix}/lib'
libexecdir='${exec_prefix}/libexec'
localedir='${datarootdir}/locale'
localstatedir='${prefix}/var'
mandir='${datarootdir}/man'
oldincludedir='/usr/include'
pdfdir='${docdir}'
prefix='/usr/local'
program_transform_name='s,x,x,'
psdir='${docdir}'
sbindir='${exec_prefix}/sbin'
sharedstatedir='${prefix}/com'
sysconfdir='${prefix}/etc'
target_alias=''

## ----------- ##
## confdefs.h. ##
## ----------- ##

#define PACKAGE_NAME ""
#define PACKAGE_TARNAME ""
#define PACKAGE_VERSION ""
#define PACKAGE_STRING ""
#define PACKAGE_BUGREPORT ""
#define _GNU_SOURCE 1
#define STDC_HEADERS 1
#define HAVE_SYS_TYPES_H 1
#define HAVE_SYS_STAT_H 1
#define HAVE_STDLIB_H 1
#define HAVE_STRING_H 1
#define HAVE_MEMORY_H 1
#define HAVE_STRINGS_H 1
#define HAVE_INTTYPES_H 1
#define HAVE_STDINT_H 1
#define HAVE_UNISTD_H 1
#define SIZEOF_SHORT 2
#define SIZEOF_INT 4
#define SIZEOF_LONG 8
#define HAVE_GETOPT_H 1
#define HAVE_GETOPT_LONG 1

configure: exit 0
